
AH00558: apache2: Could not reliably determine the server's fully qualified domain name, using 172.19.0.3. Set the 'ServerName' directive globally to suppress this message
[Thu Aug 24 14:29:13.037553 2023] [core:warn] [pid 8] AH00098: pid file /var/run/apache2/apache2.pid overwritten -- Unclean shutdown of previous Apache run?
[Thu Aug 24 14:29:13.040733 2023] [mpm_prefork:notice] [pid 8] AH00163: Apache/2.4.57 (Debian) PHP/8.1.22 configured -- resuming normal operations
[Thu Aug 24 14:29:13.040798 2023] [core:notice] [pid 8] AH00094: Command line: '/usr/sbin/apache2 -D FOREGROUND'
AH00558: apache2: Could not reliably determine the server's fully qualified domain name, using 172.19.0.3. Set the 'ServerName' directive globally to suppress this message
[Thu Aug 24 14:32:14.408604 2023] [core:warn] [pid 8] AH00098: pid file /var/run/apache2/apache2.pid overwritten -- Unclean shutdown of previous Apache run?
[Thu Aug 24 14:32:14.412215 2023] [mpm_prefork:notice] [pid 8] AH00163: Apache/2.4.57 (Debian) PHP/8.1.22 configured -- resuming normal operations
[Thu Aug 24 14:32:14.412298 2023] [core:notice] [pid 8] AH00094: Command line: '/usr/sbin/apache2 -D FOREGROUND'
AH00558: apache2: Could not reliably determine the server's fully qualified domain name, using 172.18.0.4. Set the 'ServerName' directive globally to suppress this message
[Thu Aug 24 14:33:38.688133 2023] [mpm_prefork:notice] [pid 14] AH00163: Apache/2.4.57 (Debian) PHP/8.1.22 configured -- resuming normal operations
[Thu Aug 24 14:33:38.688266 2023] [core:notice] [pid 14] AH00094: Command line: '/usr/sbin/apache2 -D FOREGROUND'
AH00558: apache2: Could not reliably determine the server's fully qualified domain name, using 172.19.0.3. Set the 'ServerName' directive globally to suppress this message
[Thu Aug 24 14:35:40.263041 2023] [mpm_prefork:notice] [pid 14] AH00163: Apache/2.4.57 (Debian) PHP/8.1.22 configured -- resuming normal operations
[Thu Aug 24 14:35:40.263187 2023] [core:notice] [pid 14] AH00094: Command line: '/usr/sbin/apache2 -D FOREGROUND'
AH00558: apache2: Could not reliably determine the server's fully qualified domain name, using 172.19.0.3. Set the 'ServerName' directive globally to suppress this message
[Thu Aug 24 14:40:22.395314 2023] [mpm_prefork:notice] [pid 14] AH00163: Apache/2.4.57 (Debian) PHP/8.1.22 configured -- resuming normal operations
[Thu Aug 24 14:40:22.395454 2023] [core:notice] [pid 14] AH00094: Command line: '/usr/sbin/apache2 -D FOREGROUND'
AH00558: apache2: Could not reliably determine the server's fully qualified domain name, using 172.19.0.3. Set the 'ServerName' directive globally to suppress this message
[Thu Aug 24 14:41:05.314341 2023] [mpm_prefork:notice] [pid 14] AH00163: Apache/2.4.57 (Debian) PHP/8.1.22 configured -- resuming normal operations
[Thu Aug 24 14:41:05.314447 2023] [core:notice] [pid 14] AH00094: Command line: '/usr/sbin/apache2 -D FOREGROUND'
AH00558: apache2: Could not reliably determine the server's fully qualified domain name, using 172.19.0.3. Set the 'ServerName' directive globally to suppress this message
[Thu Aug 24 14:41:49.346630 2023] [mpm_prefork:notice] [pid 1] AH00163: Apache/2.4.57 (Debian) PHP/8.1.22 configured -- resuming normal operations
[Thu Aug 24 14:41:49.346723 2023] [core:notice] [pid 1] AH00094: Command line: 'apache2 -D FOREGROUND'
[Thu Aug 24 14:42:17.591340 2023] [mpm_prefork:notice] [pid 1] AH00170: caught SIGWINCH, shutting down gracefully
AH00558: apache2: Could not reliably determine the server's fully qualified domain name, using 172.19.0.3. Set the 'ServerName' directive globally to suppress this message
[Thu Aug 24 14:42:20.119942 2023] [mpm_prefork:notice] [pid 1] AH00163: Apache/2.4.57 (Debian) PHP/8.1.22 configured -- resuming normal operations
[Thu Aug 24 14:42:20.120033 2023] [core:notice] [pid 1] AH00094: Command line: 'apache2 -D FOREGROUND'
[Thu Aug 24 14:42:39.364087 2023] [mpm_prefork:notice] [pid 1] AH00170: caught SIGWINCH, shutting down gracefully
AH00558: apache2: Could not reliably determine the server's fully qualified domain name, using 172.19.0.3. Set the 'ServerName' directive globally to suppress this message
[Thu Aug 24 14:42:41.946087 2023] [mpm_prefork:notice] [pid 1] AH00163: Apache/2.4.57 (Debian) PHP/8.1.22 configured -- resuming normal operations
[Thu Aug 24 14:42:41.946172 2023] [core:notice] [pid 1] AH00094: Command line: 'apache2 -D FOREGROUND'
[Thu Aug 24 14:43:50.545882 2023] [mpm_prefork:notice] [pid 1] AH00170: caught SIGWINCH, shutting down gracefully
AH00558: apache2: Could not reliably determine the server's fully qualified domain name, using 172.19.0.3. Set the 'ServerName' directive globally to suppress this message
[Thu Aug 24 14:43:53.001449 2023] [mpm_prefork:notice] [pid 1] AH00163: Apache/2.4.57 (Debian) PHP/8.1.22 configured -- resuming normal operations
[Thu Aug 24 14:43:53.001594 2023] [core:notice] [pid 1] AH00094: Command line: 'apache2 -D FOREGROUND'
AH00558: apache2: Could not reliably determine the server's fully qualified domain name, using 172.19.0.3. Set the 'ServerName' directive globally to suppress this message
[Thu Aug 24 14:48:05.454596 2023] [mpm_prefork:notice] [pid 1] AH00163: Apache/2.4.57 (Debian) PHP/8.1.22 configured -- resuming normal operations
[Thu Aug 24 14:48:05.454688 2023] [core:notice] [pid 1] AH00094: Command line: 'apache2 -D FOREGROUND'
[Thu Aug 24 14:51:56.038891 2023] [mpm_prefork:notice] [pid 1] AH00170: caught SIGWINCH, shutting down gracefully
AH00558: apache2: Could not reliably determine the server's fully qualified domain name, using 172.18.0.4. Set the 'ServerName' directive globally to suppress this message
[Thu Aug 24 14:51:58.174248 2023] [mpm_prefork:notice] [pid 1] AH00163: Apache/2.4.57 (Debian) PHP/8.1.22 configured -- resuming normal operations
[Thu Aug 24 14:51:58.174446 2023] [core:notice] [pid 1] AH00094: Command line: 'apache2 -D FOREGROUND'
[Thu Aug 24 14:52:28.016437 2023] [mpm_prefork:notice] [pid 1] AH00170: caught SIGWINCH, shutting down gracefully
AH00558: apache2: Could not reliably determine the server's fully qualified domain name, using 172.19.0.3. Set the 'ServerName' directive globally to suppress this message
[Thu Aug 24 14:52:30.488614 2023] [mpm_prefork:notice] [pid 1] AH00163: Apache/2.4.57 (Debian) PHP/8.1.22 configured -- resuming normal operations
[Thu Aug 24 14:52:30.488697 2023] [core:notice] [pid 1] AH00094: Command line: 'apache2 -D FOREGROUND'
[Thu Aug 24 14:52:31.267886 2023] [mpm_prefork:notice] [pid 1] AH00170: caught SIGWINCH, shutting down gracefully
AH00558: apache2: Could not reliably determine the server's fully qualified domain name, using 172.19.0.3. Set the 'ServerName' directive globally to suppress this message
[Thu Aug 24 14:52:33.545731 2023] [mpm_prefork:notice] [pid 1] AH00163: Apache/2.4.57 (Debian) PHP/8.1.22 configured -- resuming normal operations
[Thu Aug 24 14:52:33.545821 2023] [core:notice] [pid 1] AH00094: Command line: 'apache2 -D FOREGROUND'
[Thu Aug 24 14:52:51.587648 2023] [mpm_prefork:notice] [pid 1] AH00170: caught SIGWINCH, shutting down gracefully
AH00558: apache2: Could not reliably determine the server's fully qualified domain name, using 172.19.0.3. Set the 'ServerName' directive globally to suppress this message
[Thu Aug 24 14:52:54.235266 2023] [mpm_prefork:notice] [pid 1] AH00163: Apache/2.4.57 (Debian) PHP/8.1.22 configured -- resuming normal operations
[Thu Aug 24 14:52:54.235349 2023] [core:notice] [pid 1] AH00094: Command line: 'apache2 -D FOREGROUND'
[Thu Aug 24 14:59:19.261277 2023] [mpm_prefork:notice] [pid 1] AH00170: caught SIGWINCH, shutting down gracefully
AH00558: apache2: Could not reliably determine the server's fully qualified domain name, using 172.19.0.3. Set the 'ServerName' directive globally to suppress this message
[Thu Aug 24 14:59:21.698572 2023] [mpm_prefork:notice] [pid 1] AH00163: Apache/2.4.57 (Debian) PHP/8.1.22 configured -- resuming normal operations
[Thu Aug 24 14:59:21.698700 2023] [core:notice] [pid 1] AH00094: Command line: 'apache2 -D FOREGROUND'
[Thu Aug 24 15:02:44.686444 2023] [mpm_prefork:notice] [pid 1] AH00170: caught SIGWINCH, shutting down gracefully
AH00558: apache2: Could not reliably determine the server's fully qualified domain name, using 172.19.0.3. Set the 'ServerName' directive globally to suppress this message
[Thu Aug 24 15:02:47.112337 2023] [mpm_prefork:notice] [pid 1] AH00163: Apache/2.4.57 (Debian) PHP/8.1.22 configured -- resuming normal operations
[Thu Aug 24 15:02:47.112450 2023] [core:notice] [pid 1] AH00094: Command line: 'apache2 -D FOREGROUND'
[Thu Aug 24 15:03:06.518244 2023] [mpm_prefork:notice] [pid 1] AH00170: caught SIGWINCH, shutting down gracefully
AH00558: apache2: Could not reliably determine the server's fully qualified domain name, using 172.19.0.3. Set the 'ServerName' directive globally to suppress this message
[Thu Aug 24 15:04:16.396526 2023] [mpm_prefork:notice] [pid 1] AH00163: Apache/2.4.57 (Debian) PHP/8.1.22 configured -- resuming normal operations
[Thu Aug 24 15:04:16.396639 2023] [core:notice] [pid 1] AH00094: Command line: 'apache2 -D FOREGROUND'
